The system is: Windows - 10.0.19041 - AMD64
Compiling the C compiler identification source file "CMakeCCompilerId.c" succeeded.
Compiler: D:/Programming Softwares/VS/VC/Tools/MSVC/14.29.30133/bin/Hostx86/x86/cl.exe 
Build flags: 
Id flags:  

The output was:
0
Microsoft (R) C/C++ Optimizing Compiler Version 19.29.30141 for x86
Copyright (C) Microsoft Corporation.  All rights reserved.

CMakeCCompilerId.c
Microsoft (R) Incremental Linker Version 14.29.30141.0
Copyright (C) Microsoft Corporation.  All rights reserved.

/out:CMakeCCompilerId.exe 
CMakeCCompilerId.obj 


Compilation of the C compiler identification source "CMakeCCompilerId.c" produced "CMakeCCompilerId.exe"

Compilation of the C compiler identification source "CMakeCCompilerId.c" produced "CMakeCCompilerId.obj"

The C compiler identification is MSVC, found in "D:/CO2402 Advanced Programming/Assignment/CO2402Assignment/cmake-build-debug/CMakeFiles/3.21.1/CompilerIdC/CMakeCCompilerId.exe"

Compiling the CXX compiler identification source file "CMakeCXXCompilerId.cpp" succeeded.
Compiler: D:/Programming Softwares/VS/VC/Tools/MSVC/14.29.30133/bin/Hostx86/x86/cl.exe 
Build flags: 
Id flags:  

The output was:
0
Microsoft (R) C/C++ Optimizing Compiler Version 19.29.30141 for x86
Copyright (C) Microsoft Corporation.  All rights reserved.

CMakeCXXCompilerId.cpp
Microsoft (R) Incremental Linker Version 14.29.30141.0
Copyright (C) Microsoft Corporation.  All rights reserved.

/out:CMakeCXXCompilerId.exe 
CMakeCXXCompilerId.obj 


Compilation of the CXX compiler identification source "CMakeCXXCompilerId.cpp" produced "CMakeCXXCompilerId.exe"

Compilation of the CXX compiler identification source "CMakeCXXCompilerId.cpp" produced "CMakeCXXCompilerId.obj"

The CXX compiler identification is MSVC, found in "D:/CO2402 Advanced Programming/Assignment/CO2402Assignment/cmake-build-debug/CMakeFiles/3.21.1/CompilerIdCXX/CMakeCXXCompilerId.exe"

Detecting C compiler ABI info compiled with the following output:
Change Dir: D:/CO2402 Advanced Programming/Assignment/CO2402Assignment/cmake-build-debug/CMakeFiles/CMakeTmp

Run Build Command(s):nmake -f Makefile /nologo cmTC_222b4\fast && 	"D:\Programming Softwares\VS\VC\Tools\MSVC\14.29.30133\bin\HostX86\x86\nmake.exe"  -f CMakeFiles\cmTC_222b4.dir\build.make /nologo -L                  CMakeFiles\cmTC_222b4.dir\build
Building C object CMakeFiles/cmTC_222b4.dir/CMakeCCompilerABI.c.obj
	"D:\Programming Softwares\CLion 2021.3.4\bin\cmake\win\bin\cmake.exe" -E cmake_cl_compile_depends --dep-file=CMakeFiles\cmTC_222b4.dir\CMakeCCompilerABI.c.obj.d --working-dir="D:\CO2402 Advanced Programming\Assignment\CO2402Assignment\cmake-build-debug\CMakeFiles\CMakeTmp" --filter-prefix="Note: including file: " -- "D:\Programming Softwares\VS\VC\Tools\MSVC\14.29.30133\bin\Hostx86\x86\cl.exe" @C:\Users\User\AppData\Local\Temp\nmF3F5.tmp
CMakeCCompilerABI.c
Linking C executable cmTC_222b4.exe
	"D:\Programming Softwares\CLion 2021.3.4\bin\cmake\win\bin\cmake.exe" -E vs_link_exe --intdir=CMakeFiles\cmTC_222b4.dir --rc="D:\Windows Kits\10\bin\10.0.19041.0\x86\rc.exe" --mt="D:\Windows Kits\10\bin\10.0.19041.0\x86\mt.exe" --manifests -- "D:\Programming Softwares\VS\VC\Tools\MSVC\14.29.30133\bin\Hostx86\x86\link.exe" /nologo @CMakeFiles\cmTC_222b4.dir\objects1.rsp @C:\Users\User\AppData\Local\Temp\nmF59C.tmp



Detecting CXX compiler ABI info compiled with the following output:
Change Dir: D:/CO2402 Advanced Programming/Assignment/CO2402Assignment/cmake-build-debug/CMakeFiles/CMakeTmp

Run Build Command(s):nmake -f Makefile /nologo cmTC_7001d\fast && 	"D:\Programming Softwares\VS\VC\Tools\MSVC\14.29.30133\bin\HostX86\x86\nmake.exe"  -f CMakeFiles\cmTC_7001d.dir\build.make /nologo -L                  CMakeFiles\cmTC_7001d.dir\build
Building CXX object CMakeFiles/cmTC_7001d.dir/CMakeCXXCompilerABI.cpp.obj
	"D:\Programming Softwares\CLion 2021.3.4\bin\cmake\win\bin\cmake.exe" -E cmake_cl_compile_depends --dep-file=CMakeFiles\cmTC_7001d.dir\CMakeCXXCompilerABI.cpp.obj.d --working-dir="D:\CO2402 Advanced Programming\Assignment\CO2402Assignment\cmake-build-debug\CMakeFiles\CMakeTmp" --filter-prefix="Note: including file: " -- "D:\Programming Softwares\VS\VC\Tools\MSVC\14.29.30133\bin\Hostx86\x86\cl.exe" @C:\Users\User\AppData\Local\Temp\nmF9C2.tmp
CMakeCXXCompilerABI.cpp
Linking CXX executable cmTC_7001d.exe
	"D:\Programming Softwares\CLion 2021.3.4\bin\cmake\win\bin\cmake.exe" -E vs_link_exe --intdir=CMakeFiles\cmTC_7001d.dir --rc="D:\Windows Kits\10\bin\10.0.19041.0\x86\rc.exe" --mt="D:\Windows Kits\10\bin\10.0.19041.0\x86\mt.exe" --manifests -- "D:\Programming Softwares\VS\VC\Tools\MSVC\14.29.30133\bin\Hostx86\x86\link.exe" /nologo @CMakeFiles\cmTC_7001d.dir\objects1.rsp @C:\Users\User\AppData\Local\Temp\nmFAFB.tmp



